\BOOKMARK [0][-]{chapter.1}{\376\377\000G\000I\036\332\000I\000\040\000T\000H\000I\036\306\000U\000\040\001\020\036\300\000\040\000T\000\300\000I}{}% 1
\BOOKMARK [1][-]{section.1.1}{\376\377\000G\000i\036\333\000i\000\040\000t\000h\000i\036\307\000u\000\040\001\021\036\301\000\040\000t\000\340\000i}{chapter.1}% 2
\BOOKMARK [2][-]{subsection.1.1.1}{\376\377\000L\000\375\000\040\000d\000o\000\040\000v\000\340\000\040\001\021\036\331\000n\000g\000\040\000l\036\361\000c}{section.1.1}% 3
\BOOKMARK [2][-]{subsection.1.1.2}{\376\377\000K\000h\036\243\000o\000\040\000s\000\341\000t\000\040\000c\000\364\000n\000g\000\040\000n\000g\000h\036\307}{section.1.1}% 4
\BOOKMARK [2][-]{subsection.1.1.3}{\376\377\000L\036\361\000a\000\040\000c\000h\036\315\000n\000\040\000k\036\371\000\040\000t\000h\000u\036\255\000t}{section.1.1}% 5
\BOOKMARK [0][-]{chapter.2}{\376\377\000N\036\330\000I\000\040\000D\000U\000N\000G\000\040\000C\000H\000\315\000N\000H\000\040\000C\036\346\000A\000\040\001\020\036\300\000\040\000T\000\300\000I}{}% 6
\BOOKMARK [1][-]{section.2.1}{\376\377\000X\000\341\000c\000\040\001\021\036\313\000n\000h\000\040\000b\000\340\000i\000\040\000t\000o\000\341\000n\000\040\000v\000\340\000\040\000y\000\352\000u\000\040\000c\036\247\000u\000\040\000h\036\307\000\040\000t\000h\036\321\000n\000g}{chapter.2}% 7
\BOOKMARK [2][-]{subsection.2.1.1}{\376\377\000M\000\364\000\040\000t\036\243\000\040\000b\000\340\000i\000\040\000t\000o\000\341\000n\000\040\000t\000h\036\361\000c\000\040\000t\036\277}{section.2.1}% 8
\BOOKMARK [2][-]{subsection.2.1.2}{\376\377\000Y\000\352\000u\000\040\000c\036\247\000u\000\040\000c\000h\036\351\000c\000\040\000n\001\003\000n\000g}{section.2.1}% 9
\BOOKMARK [2][-]{subsection.2.1.3}{\376\377\000Y\000\352\000u\000\040\000c\036\247\000u\000\040\000p\000h\000i\000\040\000c\000h\036\351\000c\000\040\000n\001\003\000n\000g}{section.2.1}% 10
\BOOKMARK [2][-]{subsection.2.1.4}{\376\377\000P\000h\000\342\000n\000\040\000t\000\355\000c\000h\000\040\000r\000\340\000n\000g\000\040\000b\000u\036\331\000c}{section.2.1}% 11
\BOOKMARK [1][-]{section.2.2}{\376\377\000P\000h\036\247\000n\000\040\000c\036\351\000n\000g\000\040\000c\036\347\000a\000\040\000h\036\307\000\040\000t\000h\036\321\000n\000g}{chapter.2}% 12
\BOOKMARK [2][-]{subsection.2.2.1}{\376\377\000B\000l\000o\000c\000k\000\040\000d\000i\000a\000g\000r\000a\000m}{section.2.2}% 13
\BOOKMARK [2][-]{subsection.2.2.2}{\376\377\000V\000i\000\040\001\021\000i\036\301\000u\000\040\000k\000h\000i\036\303\000n\000\040\000E\000S\000P\0003\0002}{section.2.2}% 14
\BOOKMARK [2][-]{subsection.2.2.3}{\376\377\000M\000Q\000-\0001\0003\0005}{section.2.2}% 15
\BOOKMARK [2][-]{subsection.2.2.4}{\376\377\000Q\000u\036\241\000t\000\040\000t\036\243\000n\000\040\000n\000h\000i\036\307\000t\000\040\0005\000V\000\040\000m\000i\000n\000i\000\040\0004\000x\0004}{section.2.2}% 16
\BOOKMARK [2][-]{subsection.2.2.5}{\376\377\000M\000o\000d\000u\000l\000e\000\040\000L\000C\000D\000\040\000I\0002\000C\000\040\0001\0006\000x\0002}{section.2.2}% 17
\BOOKMARK [2][-]{subsection.2.2.6}{\376\377\000M\000o\000d\000u\000l\000e\000\040\000R\000e\000l\000a\000y\000\040\0002\000\040\000k\000\352\000n\000h\000\040\0005\000V}{section.2.2}% 18
\BOOKMARK [2][-]{subsection.2.2.7}{\376\377\000S\000e\000r\000v\000o\000\040\000S\000G\0009\0000}{section.2.2}% 19
\BOOKMARK [2][-]{subsection.2.2.8}{\376\377\000C\000\362\000i\000\040\000S\000F\000M\000-\0002\0007}{section.2.2}% 20
\BOOKMARK [2][-]{subsection.2.2.9}{\376\377\000M\000o\000d\000u\000l\000e\000\040\000A\000D\000C\000\040\000A\000D\000S\0001\0001\0001\0005\000\040\0001\0006\000-\000b\000i\000t\000\040\0004\000\040\000k\000\352\000n\000h}{section.2.2}% 21
\BOOKMARK [2][-]{subsection.2.2.10}{\376\377\000M\000o\000d\000u\000l\000e\000\040\000Y\000X\0008\0005\0000\000\040\000m\036\241\000c\000h\000\040\000t\036\361\000\040\001\021\036\331\000n\000g\000\040\000c\000h\000u\000y\036\303\000n\000\040\000n\000g\000u\036\323\000n\000\040\000d\036\361\000\040\000p\000h\000\362\000n\000g\000\040\0005\000-\0004\0008\000V\000D\000C}{section.2.2}% 22
\BOOKMARK [2][-]{subsection.2.2.11}{\376\377\000M\000o\000d\000u\000l\000e\000\040\000h\036\241\000\040\000\341\000p\000\040\000L\000M\0002\0005\0009\0006}{section.2.2}% 23
\BOOKMARK [2][-]{subsection.2.2.12}{\376\377\000A\000d\000a\000p\000t\000e\000r\000\040\0005\000V\000\040\0002\000A}{section.2.2}% 24
\BOOKMARK [2][-]{subsection.2.2.13}{\376\377\000N\000g\000u\036\323\000n\000\040\000d\036\361\000\040\000p\000h\000\362\000n\000g\000\040\000p\000i\000n\000\040\000l\000i\000t\000h\000i\000u\000m\000\040\0001\0008\0006\0005\0000}{section.2.2}% 25
\BOOKMARK [2][-]{subsection.2.2.14}{\376\377\000B\036\243\000n\000g\000\040\000c\036\245\000u\000\040\000h\000\354\000n\000h\000\040\000c\000h\000\342\000n\000\040\000G\000P\000I\000O}{section.2.2}% 26
\BOOKMARK [2][-]{subsection.2.2.15}{\376\377\000S\001\241\000\040\001\021\036\323\000\040\000t\036\325\000n\000g\000\040\000q\000u\000a\000n\000\040\000v\036\301\000\040\000t\000h\000i\036\277\000t\000\040\000k\036\277\000\040\000p\000h\036\247\000n\000\040\000c\036\351\000n\000g}{section.2.2}% 27
\BOOKMARK [1][-]{section.2.3}{\376\377\000P\000h\036\247\000n\000\040\000m\036\301\000m\000\040\000c\036\347\000a\000\040\000h\036\307\000\040\000t\000h\036\321\000n\000g}{chapter.2}% 28
\BOOKMARK [2][-]{subsection.2.3.1}{\376\377\000T\036\325\000n\000g\000\040\000q\000u\000a\000n\000\040\000c\000h\036\351\000c\000\040\000n\001\003\000n\000g\000\040\000p\000h\036\247\000n\000\040\000m\036\301\000m}{section.2.3}% 29
\BOOKMARK [2][-]{subsection.2.3.2}{\376\377\000P\000h\000\342\000n\000\040\000n\000g\001\260\036\341\000n\000g\000\040\000c\000h\036\245\000t\000\040\000l\001\260\036\343\000n\000g\000\040\000k\000h\000\364\000n\000g\000\040\000k\000h\000\355\000\040\000\050\000A\000Q\000I\000\040\000C\000l\000a\000s\000s\000i\000f\000i\000c\000a\000t\000i\000o\000n\000\051}{section.2.3}% 30
\BOOKMARK [2][-]{subsection.2.3.3}{\376\377\000B\036\331\000\040\000l\036\315\000c\000\040\000E\000W\000M\000A\000\040\000\050\000E\000x\000p\000o\000n\000e\000n\000t\000i\000a\000l\000\040\000W\000e\000i\000g\000h\000t\000e\000d\000\040\000M\000o\000v\000i\000n\000g\000\040\000A\000v\000e\000r\000a\000g\000e\000\051\000\040\000v\000\340\000\040\000P\000h\000\341\000t\000\040\000h\000i\036\307\000n\000\040\000l\036\327\000i\000\040\000c\036\243\000m\000\040\000b\000i\036\277\000n}{section.2.3}% 31
\BOOKMARK [2][-]{subsection.2.3.4}{\376\377\000C\001\241\000\040\000c\000h\036\277\000\040\000c\000h\036\321\000n\000g\000\040\000n\000h\000i\036\305\000u\000\040\000I\0002\000C\000\040\000k\000h\000i\000\040\000R\000e\000l\000a\000y\000\040\001\021\000\363\000n\000g\000/\000n\000g\036\257\000t}{section.2.3}% 32
\BOOKMARK [2][-]{subsection.2.3.5}{\376\377\001\020\036\323\000n\000g\000\040\000b\036\331\000\040\000t\000h\036\335\000i\000\040\000g\000i\000a\000n\000\040\000N\000T\000P}{section.2.3}% 33
\BOOKMARK [2][-]{subsection.2.3.6}{\376\377\000G\000i\000a\000o\000\040\000t\000h\036\351\000c\000\040\000t\000r\000u\000y\036\301\000n\000\040\000t\000i\000n\000\040\000M\000Q\000T\000T}{section.2.3}% 34
\BOOKMARK [2][-]{subsection.2.3.7}{\376\377\000T\000h\000i\036\277\000t\000\040\000k\036\277\000\040\000c\000\363\000\040\000s\036\355\000\040\000d\036\345\000n\000g\000\040\000R\000T\000O\000S\000\040\000\050\000F\000r\000e\000e\000R\000T\000O\000S\000\040\000t\000r\000\352\000n\000\040\000E\000S\000P\0003\0002\000\051}{section.2.3}% 35
\BOOKMARK [2][-]{subsection.2.3.8}{\376\377\000C\001\241\000\040\000c\000h\036\277\000\040\001\021\000i\036\301\000u\000\040\000k\000h\000i\036\303\000n\000\040\000t\036\353\000\040\000n\000g\001\260\036\335\000i\000\040\000d\000\371\000n\000g}{section.2.3}% 36
\BOOKMARK [1][-]{section.2.4}{\376\377\000P\000h\001\260\001\241\000n\000g\000\040\000p\000h\000\341\000p\000\040\000t\000h\036\361\000c\000\040\000h\000i\036\307\000n\000\040\000v\000\340\000\040\000k\036\277\000t\000\040\000q\000u\036\243}{chapter.2}% 37
\BOOKMARK [2][-]{subsection.2.4.1}{\376\377\000P\000h\001\260\001\241\000n\000g\000\040\000p\000h\000\341\000p\000\040\000t\000h\036\361\000c\000\040\000h\000i\036\307\000n}{section.2.4}% 38
\BOOKMARK [2][-]{subsection.2.4.2}{\376\377\000K\036\277\000t\000\040\000q\000u\036\243\000\040\001\021\036\241\000t\000\040\001\021\001\260\036\343\000c}{section.2.4}% 39
\BOOKMARK [2][-]{subsection.2.4.3}{\376\377\001\020\000\341\000n\000h\000\040\000g\000i\000\341\000\040\000v\000\340\000\040\000n\000h\036\255\000n\000\040\000x\000\351\000t}{section.2.4}% 40
\BOOKMARK [0][-]{chapter.3}{\376\377\000K\036\276\000T\000\040\000L\000U\036\254\000N}{}% 41
\BOOKMARK [1][-]{section.3.1}{\376\377\000K\036\277\000t\000\040\000l\000u\036\255\000n\000\040\000v\000\340\000\040\000h\001\260\036\333\000n\000g\000\040\000p\000h\000\341\000t\000\040\000t\000r\000i\036\303\000n}{chapter.3}% 42
\BOOKMARK [2][-]{subsection.3.1.1}{\376\377\000K\036\277\000t\000\040\000l\000u\036\255\000n}{section.3.1}% 43
\BOOKMARK [2][-]{subsection.3.1.2}{\376\377\000H\001\260\036\333\000n\000g\000\040\000p\000h\000\341\000t\000\040\000t\000r\000i\036\303\000n}{section.3.1}% 44
\BOOKMARK [0][-]{section*.35}{\376\377\000T\000\300\000I\000\040\000L\000I\036\306\000U\000\040\000T\000H\000A\000M\000\040\000K\000H\036\242\000O}{}% 45
